mode: set
github.com/STLeee/test-grpc-microservice/service-api/docs/docs.go:109.13,111.2 1 0
github.com/STLeee/test-grpc-microservice/service-api/main.go:19.13,21.16 2 0
github.com/STLeee/test-grpc-microservice/service-api/main.go:21.16,23.3 1 0
github.com/STLeee/test-grpc-microservice/service-api/main.go:25.2,27.19 3 0
github.com/STLeee/test-grpc-microservice/service-api/main.go:27.19,29.3 1 0
github.com/STLeee/test-grpc-microservice/service-api/main.go:31.2,32.23 2 0
github.com/STLeee/test-grpc-microservice/service-api/main.go:32.23,34.3 1 0
github.com/STLeee/test-grpc-microservice/service-api/main.go:35.2,36.23 2 0
github.com/STLeee/test-grpc-microservice/service-api/main.go:36.23,38.3 1 0
github.com/STLeee/test-grpc-microservice/service-api/main.go:41.2,45.16 2 0
github.com/STLeee/test-grpc-microservice/service-api/main.go:45.16,47.3 1 0
github.com/STLeee/test-grpc-microservice/service-api/main.go:50.2,65.38 12 0
github.com/STLeee/test-grpc-microservice/service-api/main.go:75.48,76.35 1 0
github.com/STLeee/test-grpc-microservice/service-api/main.go:76.35,78.17 2 0
github.com/STLeee/test-grpc-microservice/service-api/main.go:78.17,80.4 1 0
github.com/STLeee/test-grpc-microservice/service-api/main.go:81.3,82.13 2 0
github.com/STLeee/test-grpc-microservice/service-api/main.go:86.48,87.35 1 0
github.com/STLeee/test-grpc-microservice/service-api/main.go:87.35,89.17 2 0
github.com/STLeee/test-grpc-microservice/service-api/main.go:89.17,91.4 1 0
github.com/STLeee/test-grpc-microservice/service-api/main.go:92.3,93.13 2 0
github.com/STLeee/test-grpc-microservice/service-api/main.go:97.67,99.27 2 0
github.com/STLeee/test-grpc-microservice/service-api/main.go:99.27,100.32 1 0
github.com/STLeee/test-grpc-microservice/service-api/main.go:100.32,102.4 1 0
github.com/STLeee/test-grpc-microservice/service-api/main.go:104.2,104.15 1 0
github.com/STLeee/test-grpc-microservice/service-api/main.go:115.60,122.16 4 0
github.com/STLeee/test-grpc-microservice/service-api/main.go:122.16,125.3 2 0
github.com/STLeee/test-grpc-microservice/service-api/main.go:126.2,126.20 1 0
github.com/STLeee/test-grpc-microservice/service-api/main.go:137.60,144.16 4 0
github.com/STLeee/test-grpc-microservice/service-api/main.go:144.16,147.3 2 0
github.com/STLeee/test-grpc-microservice/service-api/main.go:148.2,148.20 1 0
github.com/STLeee/test-grpc-microservice/service-api/main.go:159.46,162.16 3 0
github.com/STLeee/test-grpc-microservice/service-api/main.go:162.16,165.3 2 0
github.com/STLeee/test-grpc-microservice/service-api/main.go:167.2,171.16 3 0
github.com/STLeee/test-grpc-microservice/service-api/main.go:171.16,174.3 2 0
github.com/STLeee/test-grpc-microservice/service-api/main.go:175.2,175.20 1 0
